2024-04-26 18:08:52.151 [main] INFO  api.test.UserTest(36) ***********Creating User***********
2024-04-26 18:08:55.284 [main] INFO  api.test.UserTest(36) *********** User is created  ***********
2024-04-26 18:08:55.303 [main] INFO  api.test.UserTest(36) ***********Reading User info ***********
2024-04-26 18:08:56.599 [main] INFO  api.test.UserTest(36) *********** User info is displayed***********
2024-04-26 18:08:56.603 [main] INFO  api.test.UserTest(36) ***********Updating User***********
2024-04-26 18:08:59.317 [main] INFO  api.test.UserTest(36) *********** User is updated***********
2024-04-26 18:08:59.322 [main] INFO  api.test.UserTest(36) ***********Deleting  User***********
2024-04-26 18:09:00.653 [main] INFO  api.test.UserTest(36) *********** User is deleted ***********
2024-04-26 19:07:07.691 [main] INFO  api.test.UserTest2(36) ***********Creating User***********
2024-04-26 19:07:11.348 [main] INFO  api.test.UserTest2(36) *********** User is created  ***********
2024-04-26 19:07:11.361 [main] INFO  api.test.UserTest2(36) ***********Reading User info ***********
2024-04-26 19:07:12.687 [main] INFO  api.test.UserTest2(36) *********** User info is displayed***********
2024-04-26 19:07:12.692 [main] INFO  api.test.UserTest2(36) ***********Updating User***********
2024-04-26 19:07:14.061 [main] INFO  api.test.UserTest2(36) ***********Deleting  User***********
2024-04-26 19:07:15.297 [main] INFO  api.test.UserTest2(36) *********** User is deleted ***********
2024-04-26 19:20:33.077 [main] INFO  api.test.UserTest2(36) ***********Creating User***********
2024-04-26 19:20:36.865 [main] INFO  api.test.UserTest2(36) *********** User is created  ***********
2024-04-26 19:20:36.962 [main] INFO  api.test.UserTest2(36) ***********Reading User info ***********
2024-04-26 19:20:38.521 [main] INFO  api.test.UserTest2(36) *********** User info is displayed***********
2024-04-26 19:20:38.526 [main] INFO  api.test.UserTest2(36) ***********Updating User***********
2024-04-26 19:20:41.132 [main] INFO  api.test.UserTest2(36) *********** User is updated***********
2024-04-26 19:20:41.137 [main] INFO  api.test.UserTest2(36) ***********Deleting  User***********
2024-04-26 19:20:42.449 [main] INFO  api.test.UserTest2(36) *********** User is deleted ***********
2024-04-29 10:30:22.683 [main] INFO  api.test.UserTest(36) ***********Creating User***********
2024-04-29 10:30:24.459 [main] INFO  api.test.UserTest(36) *********** User is created  ***********
2024-04-29 10:30:24.462 [main] INFO  api.test.UserTest(36) ***********Reading User info ***********
2024-04-29 10:30:26.283 [main] INFO  api.test.UserTest(36) *********** User info is displayed***********
2024-04-29 10:30:26.285 [main] INFO  api.test.UserTest(36) ***********Updating User***********
2024-04-29 10:30:29.305 [main] INFO  api.test.UserTest(36) *********** User is updated***********
2024-04-29 10:30:29.307 [main] INFO  api.test.UserTest(36) ***********Deleting  User***********
2024-04-29 10:30:30.644 [main] INFO  api.test.UserTest(36) *********** User is deleted ***********
2024-04-29 10:31:03.057 [main] INFO  api.test.UserTest(36) ***********Creating User***********
2024-04-29 10:31:04.446 [main] INFO  api.test.UserTest(36) *********** User is created  ***********
2024-04-29 10:31:04.447 [main] INFO  api.test.UserTest(36) ***********Reading User info ***********
2024-04-29 10:31:05.826 [main] INFO  api.test.UserTest(36) *********** User info is displayed***********
2024-04-29 10:31:05.829 [main] INFO  api.test.UserTest(36) ***********Updating User***********
2024-04-29 10:31:08.533 [main] INFO  api.test.UserTest(36) *********** User is updated***********
2024-04-29 10:31:08.536 [main] INFO  api.test.UserTest(36) ***********Deleting  User***********
2024-04-29 10:31:10.463 [main] INFO  api.test.UserTest(36) *********** User is deleted ***********
2024-04-29 10:36:00.373 [main] INFO  api.test.UserTest(36) ***********Creating User***********
2024-04-29 10:36:01.728 [main] INFO  api.test.UserTest(36) *********** User is created  ***********
2024-04-29 10:36:01.729 [main] INFO  api.test.UserTest(36) ***********Reading User info ***********
2024-04-29 10:36:03.081 [main] INFO  api.test.UserTest(36) *********** User info is displayed***********
2024-04-29 10:36:03.084 [main] INFO  api.test.UserTest(36) ***********Updating User***********
2024-04-29 10:36:06.113 [main] INFO  api.test.UserTest(36) *********** User is updated***********
2024-04-29 10:36:06.115 [main] INFO  api.test.UserTest(36) ***********Deleting  User***********
2024-04-29 10:36:07.616 [main] INFO  api.test.UserTest(36) *********** User is deleted ***********
2024-04-29 10:43:10.479 [main] INFO  api.test.UserTest2(36) ***********Creating User***********
2024-04-29 10:43:13.554 [main] INFO  api.test.UserTest2(36) *********** User is created  ***********
2024-04-29 10:43:13.568 [main] INFO  api.test.UserTest2(36) ***********Reading User info ***********
2024-04-29 10:43:15.005 [main] INFO  api.test.UserTest2(36) *********** User info is displayed***********
2024-04-29 10:43:15.007 [main] INFO  api.test.UserTest2(36) ***********Updating User***********
2024-04-29 10:43:18.336 [main] INFO  api.test.UserTest2(36) *********** User is updated***********
2024-04-29 10:43:18.339 [main] INFO  api.test.UserTest2(36) ***********Deleting  User***********
2024-04-29 10:43:19.698 [main] INFO  api.test.UserTest2(36) *********** User is deleted ***********
2024-04-29 11:05:48.218 [main] INFO  api.test.UserTest2(36) ***********Creating User***********
2024-04-29 11:05:51.243 [main] INFO  api.test.UserTest2(36) *********** User is created  ***********
2024-04-29 11:05:51.254 [main] INFO  api.test.UserTest2(36) ***********Reading User info ***********
2024-04-29 11:05:52.542 [main] INFO  api.test.UserTest2(36) *********** User info is displayed***********
2024-04-29 11:05:52.544 [main] INFO  api.test.UserTest2(36) ***********Updating User***********
2024-04-29 11:05:55.222 [main] INFO  api.test.UserTest2(36) *********** User is updated***********
2024-04-29 11:05:55.223 [main] INFO  api.test.UserTest2(36) ***********Deleting  User***********
2024-04-29 11:05:56.561 [main] INFO  api.test.UserTest2(36) *********** User is deleted ***********
